Starting process: Module

Starting process: 

SCUBA, Version Diamond (64-bit) 3.12.0.240.2
Sun Mar 21 22:17:34 2021

Copyright (c) 1991-1994 by NeoCAD Inc. All rights reserved.
Copyright (c) 1995 AT&T Corp.   All rights reserved.
Copyright (c) 1995-2001 Lucent Technologies Inc.  All rights reserved.
Copyright (c) 2001 Agere Systems   All rights reserved.
Copyright (c) 2002-2020 Lattice Semiconductor Corporation,  All rights reserved.

BEGIN SCUBA Module Synthesis

    Issued command   : C:\lscc\diamond\3.12\ispfpga\bin\nt64\scuba.exe -w -n efb -lang verilog -synth lse -bus_exp 7 -bb -type efb -arch xo2c00 -freq 50 -i2c1 -i2c1_freq 100 -i2c1_sa 0001001 -i2c1_addr 7 -wb -dev 1200 
    Circuit name     : efb
    Module type      : efb
    Module Version   : 1.2
    Ports            : 
	Inputs       : wb_clk_i, wb_rst_i, wb_cyc_i, wb_stb_i, wb_we_i, wb_adr_i[7:0], wb_dat_i[7:0]
	Outputs      : wb_dat_o[7:0], wb_ack_o, i2c1_irqo
	Inouts       : i2c1_scl, i2c1_sda
    I/O buffer       : not inserted
    EDIF output      : efb.edn
    Verilog output   : efb.v
    Verilog template : efb_tmpl.v
    Verilog purpose  : for synthesis and simulation
    Bus notation     : big endian
    Report output    : efb.srp
    Estimated Resource Usage:

END   SCUBA Module Synthesis

File: efb.lpc created.


End process: completed successfully.


Total Warnings:  0

Total Errors:  0


